<?xml version="1.0" encoding="UTF-8"?>
<testsuite xmlns:xsi="http://www.w3.org/2001/XMLSchema-instance" xsi:noNamespaceSchemaLocation="https://maven.apache.org/surefire/maven-surefire-plugin/xsd/surefire-test-report-3.0.xsd" version="3.0" name="runner.TestRunner" time="100.52" tests="14" errors="0" skipped="0" failures="0">
  <properties>
[...]
</properties>
  <testcase name="Login with valid credentials #1" classname="Login functionality" time="7.512"/>
  <testcase name="Login with valid credentials #2" classname="Login functionality" time="6.887"/>
  <testcase name="Login with valid credentials #3" classname="Login functionality" time="8.33"/>
  <testcase name="Login with invalid credentials" classname="Login functionality" time="6.621"/>
  <testcase name="Login with valid email and invalid password" classname="Login functionality" time="6.613"/>
  <testcase name="Login with invalid email and valid passsword" classname="Login functionality" time="6.642"/>
  <testcase name="Login without providing any credentials" classname="Login functionality" time="7.005"/>
  <testcase name="User creates an account only with mandatory fields" classname="Registration functionality" time="8.295"/>
  <testcase name="User creates an account with all fields" classname="Registration functionality" time="8.131"/>
  <testcase name="User creates a duplicate account" classname="Registration functionality" time="8.526"/>
  <testcase name="User creates an account without filling any details" classname="Registration functionality" time="6.703"/>
  <testcase name="User searches for a valid product" classname="Search functionality" time="5.928"/>
  <testcase name="User searches for an invalid product" classname="Search functionality" time="5.789"/>
  <testcase name="User searches without any product" classname="Search functionality" time="6.953"/>
</testsuite>